<?xml version="1.0" encoding="UTF-8"?>
<!-- Generated by org.testng.reporters.JUnitReportReporter -->
<testsuite hostname="73TTSQ2" failures="0" tests="1" name="com.testNG.LoadTest01" time="8.584" errors="0" timestamp="02 Apr 2019 11:14:09 GMT" skipped="0">
  <testcase classname="com.testNG.LoadTest01" name="test1" time="8.584"/>
</testsuite> <!-- com.testNG.LoadTest01 -->
