<?xml version="1.0" encoding="UTF-8"?>
<!-- Generated by org.testng.reporters.JUnitReportReporter -->
<testsuite skipped="0" hostname="73TTSQ2" name="com.testNG.SaleorWeb1" tests="2" failures="0" timestamp="06 May 2019 15:17:36 GMT" time="3.671" errors="0">
  <testcase name="SearchText" time="2.248" classname="com.testNG.SaleorWeb1"/>
  <testcase name="SearchText" time="1.423" classname="com.testNG.SaleorWeb1"/>
</testsuite> <!-- com.testNG.SaleorWeb1 -->
