<?xml version="1.0" encoding="UTF-8"?>
<!-- Generated by org.testng.reporters.JUnitReportReporter -->
<testsuite hostname="73TTSQ2" failures="0" tests="1" name="NewTest" time="0.006" errors="0" timestamp="30 Mar 2019 07:53:22 GMT" skipped="0">
  <testcase classname="NewTest" name="f" time="0.006"/>
</testsuite> <!-- NewTest -->
