<?xml version="1.0" encoding="UTF-8"?>
<!-- Generated by org.testng.reporters.JUnitReportReporter -->
<testsuite skipped="0" hostname="73TTSQ2" name="com.testNG.LogInEmail" tests="2" failures="0" timestamp="04 May 2019 07:39:22 GMT" time="57.200" errors="0">
  <testcase name="LogIn_Email" time="33.863" classname="com.testNG.LogInEmail"/>
  <testcase name="LogIn_Email" time="23.337" classname="com.testNG.LogInEmail"/>
</testsuite> <!-- com.testNG.LogInEmail -->
