<?xml version="1.0" encoding="UTF-8"?>
<!-- Generated by org.testng.reporters.JUnitReportReporter -->
<testsuite skipped="0" hostname="73TTSQ2" name="com.testNG.OpenBrowser" tests="1" failures="0" timestamp="02 May 2019 13:52:16 GMT" time="17.358" errors="0">
  <testcase name="OpenChrome" time="17.358" classname="com.testNG.OpenBrowser"/>
</testsuite> <!-- com.testNG.OpenBrowser -->
