<?xml version="1.0" encoding="UTF-8"?>
<!-- Generated by org.testng.reporters.JUnitReportReporter -->
<testsuite skipped="0" hostname="73TTSQ2" name="com.testNG.SaleorWeb2" tests="1" failures="0" timestamp="06 May 2019 15:17:36 GMT" time="5.403" errors="0">
  <testcase name="LogIn" time="5.403" classname="com.testNG.SaleorWeb2"/>
</testsuite> <!-- com.testNG.SaleorWeb2 -->
